<?xml version="1.0" encoding="UTF-8"?>
<!-- Generated by org.testng.reporters.JUnitXMLReporter -->
<testsuite ignored="0" hostname="Dilshad-Ayaan" failures="0" tests="6" name="Default test" time="15.594" errors="0" timestamp="2026-07-13T01:38:06 IST">
  <testcase classname="com.tests.ContactAPITest" name="addContact" time="1.704"/>
  <testcase classname="com.tests.ContactAPITest" name="getContactList" time="1.404"/>
  <testcase classname="com.tests.ContactAPITest" name="getContact" time="1.299"/>
  <testcase classname="com.tests.ContactAPITest" name="updateContact" time="1.245"/>
  <testcase classname="com.tests.ContactAPITest" name="updateContactPatch" time="1.163"/>
  <testcase classname="com.tests.ContactAPITest" name="logoutUser" time="1.203"/>
</testsuite> <!-- Default test -->
