<?xml version="1.0" encoding="UTF-8"?>
<!-- Generated by org.testng.reporters.JUnitReportReporter -->
<testsuite hostname="Dilshad-Ayaan" failures="0" tests="4" name="com.tests.UserAPITest" time="11.078" errors="0" timestamp="2026-07-13T16:50:19 IST" skipped="0">
  <testcase classname="com.tests.UserAPITest" name="addUser" time="5.386"/>
  <testcase classname="com.tests.UserAPITest" name="getUserProfile" time="1.719"/>
  <testcase classname="com.tests.UserAPITest" name="updateUser" time="1.954"/>
  <testcase classname="com.tests.UserAPITest" name="loginUser" time="2.019"/>
</testsuite> <!-- com.tests.UserAPITest -->
