<?xml version="1.0" encoding="UTF-8"?>
<!-- Generated by org.testng.reporters.JUnitXMLReporter -->
<testsuite ignored="0" hostname="Dilshad-Ayaan" failures="0" tests="6" name="Contact API" time="14.501" errors="0" timestamp="2026-07-13T16:50:19 IST">
  <testcase classname="com.tests.ContactAPITest" name="addContact" time="1.981"/>
  <testcase classname="com.tests.ContactAPITest" name="getContactList" time="1.679"/>
  <testcase classname="com.tests.ContactAPITest" name="getContact" time="1.856"/>
  <testcase classname="com.tests.ContactAPITest" name="updateContact" time="1.835"/>
  <testcase classname="com.tests.ContactAPITest" name="updateContactPatch" time="1.775"/>
  <testcase classname="com.tests.ContactAPITest" name="logoutUser" time="1.635"/>
</testsuite> <!-- Contact API -->
