<?xml version="1.0" encoding="UTF-8"?>
<!-- Generated by org.testng.reporters.JUnitXMLReporter -->
<testsuite ignored="0" hostname="Dilshad-Ayaan" failures="0" tests="4" name="API-Telecom-Domain" time="10.064" errors="0" timestamp="2026-07-12T18:50:36 IST">
  <testcase classname="com.tests.UserAPITest" name="addUser" time="5.032"/>
  <testcase classname="com.tests.UserAPITest" name="getUserProfile" time="1.422"/>
  <testcase classname="com.tests.UserAPITest" name="updateUser" time="1.472"/>
  <testcase classname="com.tests.UserAPITest" name="loginUser" time="1.45"/>
</testsuite> <!-- API-Telecom-Domain -->
